2026-05-07 23:33:02,256 [INFO] Відкриваємо сторінку: https://armalit.com.ua/p1174103688-ganteli-nerazbornye-armalit.html
2026-05-07 23:33:04,705 [INFO] Знайдено товар: ГАНТЕЛІ НЕРОЗБІРНІ АРМАЛІТ-2015 4 КГ 2 ШТ.
2026-05-07 23:33:04,705 [INFO] Збираємо текстову інформацію...
2026-05-07 23:33:04,773 [INFO] Знайдено 1 фотографій. Запускаємо турбо-завантаження!
2026-05-07 23:33:07,149 [INFO] Збережено: ГАНТЕЛІ НЕРОЗБІРНІ АРМАЛІТ-2015 4 КГ 2 ШТ._1.jpg
2026-05-07 23:33:07,149 [INFO] Товар 'ГАНТЕЛІ НЕРОЗБІРНІ АРМАЛІТ-2015 4 КГ 2 ШТ.' завантажено! (Фотографій: 1)
2026-05-07 23:33:07,150 [INFO] Витрачено часу: 4.89 секунд
2026-05-07 23:33:24,167 [INFO] Відкриваємо сторінку: https://armalit.com.ua/p1174102059-ganteli-nerazbornye-armalit.html
2026-05-07 23:33:26,805 [INFO] Знайдено товар: ГАНТЕЛІ НЕРОЗБІРНІ АРМАЛІТ-2015 2 КГ 2 ШТ.
2026-05-07 23:33:26,806 [INFO] Збираємо текстову інформацію...
2026-05-07 23:33:26,873 [INFO] Знайдено 1 фотографій. Запускаємо турбо-завантаження!
2026-05-07 23:33:29,256 [INFO] Збережено: ГАНТЕЛІ НЕРОЗБІРНІ АРМАЛІТ-2015 2 КГ 2 ШТ._1.jpg
2026-05-07 23:33:29,257 [INFO] Товар 'ГАНТЕЛІ НЕРОЗБІРНІ АРМАЛІТ-2015 2 КГ 2 ШТ.' завантажено! (Фотографій: 1)
2026-05-07 23:33:29,258 [INFO] Витрачено часу: 5.09 секунд
2026-05-07 23:33:42,320 [INFO] Відкриваємо сторінку: https://armalit.com.ua/g7800426-diski-dlya-shtangi
2026-05-07 23:33:44,315 [INFO] Знайдено товар: ДИСКИ ДЛЯ ШТАНГИ
2026-05-07 23:33:44,315 [INFO] Збираємо текстову інформацію...
2026-05-07 23:33:44,389 [INFO] Знайдено 2 фотографій. Запускаємо турбо-завантаження!
2026-05-07 23:33:46,773 [INFO] Збережено: ДИСКИ ДЛЯ ШТАНГИ_1.jpg
2026-05-07 23:33:46,794 [INFO] Збережено: ДИСКИ ДЛЯ ШТАНГИ_2.jpg
2026-05-07 23:33:46,794 [INFO] Товар 'ДИСКИ ДЛЯ ШТАНГИ' завантажено! (Фотографій: 2)
2026-05-07 23:33:46,796 [INFO] Витрачено часу: 4.48 секунд
2026-05-08 10:48:21,488 [INFO] Відкриваємо сторінку: https://armalit.com.ua/p1423756073-topor-stolyarnyj-klassicheskij.html
2026-05-08 10:48:24,998 [INFO] Знайдено товар: СОКИРА СТОЛЯРНА КЛАСИЧНА 2 КГ ІЗ СОКИРОЮ
2026-05-08 10:49:00,078 [INFO] Відкриваємо сторінку: https://armalit.com.ua/p1423756073-topor-stolyarnyj-klassicheskij.html
2026-05-08 10:49:02,257 [INFO] Знайдено товар: СОКИРА СТОЛЯРНА КЛАСИЧНА 2 КГ ІЗ СОКИРОЮ
2026-05-08 10:49:02,257 [INFO] Збираємо текстову інформацію...
2026-05-08 10:49:02,360 [INFO] Знайдено 8 фотографій. Запускаємо турбо-завантаження!
2026-05-08 10:49:04,886 [INFO] Збережено: СОКИРА СТОЛЯРНА КЛАСИЧНА 2 КГ ІЗ СОКИРОЮ_3.jpg
2026-05-08 10:49:04,928 [INFO] Збережено: СОКИРА СТОЛЯРНА КЛАСИЧНА 2 КГ ІЗ СОКИРОЮ_1.jpg
2026-05-08 10:49:04,935 [INFO] Збережено: СОКИРА СТОЛЯРНА КЛАСИЧНА 2 КГ ІЗ СОКИРОЮ_6.jpg
2026-05-08 10:49:05,010 [INFO] Збережено: СОКИРА СТОЛЯРНА КЛАСИЧНА 2 КГ ІЗ СОКИРОЮ_8.jpg
2026-05-08 10:49:05,077 [INFO] Збережено: СОКИРА СТОЛЯРНА КЛАСИЧНА 2 КГ ІЗ СОКИРОЮ_4.jpg
2026-05-08 10:49:05,096 [INFO] Збережено: СОКИРА СТОЛЯРНА КЛАСИЧНА 2 КГ ІЗ СОКИРОЮ_2.jpg
2026-05-08 10:49:05,144 [INFO] Збережено: СОКИРА СТОЛЯРНА КЛАСИЧНА 2 КГ ІЗ СОКИРОЮ_7.jpg
2026-05-08 10:49:05,344 [INFO] Збережено: СОКИРА СТОЛЯРНА КЛАСИЧНА 2 КГ ІЗ СОКИРОЮ_5.jpg
2026-05-08 10:49:05,344 [INFO] Товар 'СОКИРА СТОЛЯРНА КЛАСИЧНА 2 КГ ІЗ СОКИРОЮ' завантажено! (Фотографій: 8)
2026-05-08 10:49:05,348 [INFO] Витрачено часу: 5.27 секунд
2026-05-17 15:50:58,716 [INFO] Відкриваємо сторінку: https://cs4067135.prom.ua/ua/p3048769215-nabor-shampurov-129.html
2026-05-17 15:51:01,714 [INFO] Знайдено товар: Набір шампурів 129
2026-05-17 15:51:01,714 [INFO] Збираємо текстову інформацію...
2026-05-17 15:51:01,864 [INFO] Знайдено 10 фотографій. Запускаємо турбо-завантаження!
2026-05-17 15:51:04,354 [INFO] Збережено: Набір шампурів 129_5.jpg
2026-05-17 15:51:04,360 [INFO] Збережено: Набір шампурів 129_3.jpg
2026-05-17 15:51:04,361 [INFO] Збережено: Набір шампурів 129_4.jpg
2026-05-17 15:51:04,362 [INFO] Збережено: Набір шампурів 129_1.jpg
2026-05-17 15:51:04,373 [INFO] Збережено: Набір шампурів 129_2.jpg
2026-05-17 15:51:04,395 [INFO] Збережено: Набір шампурів 129_9.jpg
2026-05-17 15:51:04,405 [INFO] Збережено: Набір шампурів 129_8.jpg
2026-05-17 15:51:04,412 [INFO] Збережено: Набір шампурів 129_10.jpg
2026-05-17 15:51:04,415 [INFO] Збережено: Набір шампурів 129_7.jpg
2026-05-17 15:51:04,449 [INFO] Збережено: Набір шампурів 129_6.jpg
2026-05-17 15:51:04,450 [INFO] Товар 'Набір шампурів 129' завантажено! (Фотографій: 10)
2026-05-17 15:51:04,455 [INFO] Витрачено часу: 5.74 секунд
2026-05-17 15:51:13,086 [INFO] Відкриваємо сторінку: https://cs4067135.prom.ua/ua/p3048769215-nabor-shampurov-129.html
2026-05-17 15:51:14,632 [INFO] Знайдено товар: Набір шампурів 129
2026-05-17 15:51:14,633 [INFO] Збираємо текстову інформацію...
2026-05-17 15:51:14,730 [INFO] Знайдено 10 фотографій. Запускаємо турбо-завантаження!
2026-05-17 15:51:17,162 [INFO] Збережено: Набір шампурів 129_1.jpg
2026-05-17 15:51:17,175 [INFO] Збережено: Набір шампурів 129_5.jpg
2026-05-17 15:51:17,178 [INFO] Збережено: Набір шампурів 129_4.jpg
2026-05-17 15:51:17,179 [INFO] Збережено: Набір шампурів 129_2.jpg
2026-05-17 15:51:17,191 [INFO] Збережено: Набір шампурів 129_3.jpg
2026-05-17 15:51:17,211 [INFO] Збережено: Набір шампурів 129_6.jpg
2026-05-17 15:51:17,212 [INFO] Збережено: Набір шампурів 129_9.jpg
2026-05-17 15:51:17,215 [INFO] Збережено: Набір шампурів 129_8.jpg
2026-05-17 15:51:17,220 [INFO] Збережено: Набір шампурів 129_7.jpg
2026-05-17 15:51:17,228 [INFO] Збережено: Набір шампурів 129_10.jpg
2026-05-17 15:51:17,228 [INFO] Товар 'Набір шампурів 129' завантажено! (Фотографій: 10)
2026-05-17 15:51:17,233 [INFO] Витрачено часу: 4.15 секунд
2026-05-17 15:51:44,202 [INFO] Відкриваємо сторінку: https://cs4067135.prom.ua/ua/p3048769161-nabir-myasnij.html
2026-05-17 15:51:47,098 [INFO] Знайдено товар: Набір  М'ясний
2026-05-17 15:51:47,100 [INFO] Збираємо текстову інформацію...
2026-05-17 15:51:47,317 [INFO] Знайдено 10 фотографій. Запускаємо турбо-завантаження!
2026-05-17 15:51:49,948 [INFO] Збережено: Набір  М'ясний_2.jpg
2026-05-17 15:51:49,955 [INFO] Збережено: Набір  М'ясний_4.jpg
2026-05-17 15:51:49,956 [INFO] Збережено: Набір  М'ясний_3.jpg
2026-05-17 15:51:49,968 [INFO] Збережено: Набір  М'ясний_1.jpg
2026-05-17 15:51:49,988 [INFO] Збережено: Набір  М'ясний_7.jpg
2026-05-17 15:51:49,990 [INFO] Збережено: Набір  М'ясний_6.jpg
2026-05-17 15:51:49,992 [INFO] Збережено: Набір  М'ясний_8.jpg
2026-05-17 15:51:49,993 [INFO] Збережено: Набір  М'ясний_5.jpg
2026-05-17 15:51:50,000 [INFO] Збережено: Набір  М'ясний_9.jpg
2026-05-17 15:51:50,016 [INFO] Збережено: Набір  М'ясний_10.jpg
2026-05-17 15:51:50,017 [INFO] Товар 'Набір  М'ясний' завантажено! (Фотографій: 10)
2026-05-17 15:51:50,021 [INFO] Витрачено часу: 5.82 секунд
2026-05-17 15:51:52,259 [INFO] Відкриваємо сторінку: https://cs4067135.prom.ua/ua/p3048769217-nabir-viking.html
2026-05-17 15:51:53,868 [INFO] Знайдено товар: Набір Вікінг
2026-05-17 15:51:53,869 [INFO] Збираємо текстову інформацію...
2026-05-17 15:51:53,949 [INFO] Знайдено 6 фотографій. Запускаємо турбо-завантаження!
2026-05-17 15:51:56,556 [INFO] Збережено: Набір Вікінг_2.jpg
2026-05-17 15:51:56,574 [INFO] Збережено: Набір Вікінг_1.jpg
2026-05-17 15:51:56,575 [INFO] Збережено: Набір Вікінг_5.jpg
2026-05-17 15:51:56,576 [INFO] Збережено: Набір Вікінг_4.jpg
2026-05-17 15:51:56,578 [INFO] Збережено: Набір Вікінг_3.jpg
2026-05-17 15:51:56,588 [INFO] Збережено: Набір Вікінг_6.jpg
2026-05-17 15:51:56,589 [INFO] Товар 'Набір Вікінг' завантажено! (Фотографій: 6)
2026-05-17 15:51:56,594 [INFO] Витрачено часу: 4.34 секунд
2026-05-17 15:52:17,985 [INFO] Відкриваємо сторінку: https://cs4067135.prom.ua/ua/p3048769216-nabor-shampurov-146.html
2026-05-17 15:52:20,475 [INFO] Знайдено товар: Набір шампурів 146
2026-05-17 15:52:20,475 [INFO] Збираємо текстову інформацію...
2026-05-17 15:52:20,545 [INFO] Знайдено 4 фотографій. Запускаємо турбо-завантаження!
2026-05-17 15:52:22,984 [INFO] Збережено: Набір шампурів 146_1.jpg
2026-05-17 15:52:23,011 [INFO] Збережено: Набір шампурів 146_2.jpg
2026-05-17 15:52:23,027 [INFO] Збережено: Набір шампурів 146_3.jpg
2026-05-17 15:52:23,033 [INFO] Збережено: Набір шампурів 146_4.jpg
2026-05-17 15:52:23,033 [INFO] Товар 'Набір шампурів 146' завантажено! (Фотографій: 4)
2026-05-17 15:52:23,037 [INFO] Витрачено часу: 5.05 секунд
2026-05-17 15:52:26,386 [INFO] Відкриваємо сторінку: https://cs4067135.prom.ua/ua/p3048769163-nabir-shampuriv-129.html
2026-05-17 15:52:27,788 [INFO] Знайдено товар: Набір шампурів 129
2026-05-17 15:52:27,789 [INFO] Збираємо текстову інформацію...
2026-05-17 15:52:27,875 [INFO] Знайдено 7 фотографій. Запускаємо турбо-завантаження!
2026-05-17 15:52:30,330 [INFO] Збережено: Набір шампурів 129_3.jpg
2026-05-17 15:52:30,342 [INFO] Збережено: Набір шампурів 129_4.jpg
2026-05-17 15:52:30,351 [INFO] Збережено: Набір шампурів 129_2.jpg
2026-05-17 15:52:30,355 [INFO] Збережено: Набір шампурів 129_5.jpg
2026-05-17 15:52:30,362 [INFO] Збережено: Набір шампурів 129_6.jpg
2026-05-17 15:52:30,375 [INFO] Збережено: Набір шампурів 129_7.jpg
2026-05-17 15:52:30,380 [INFO] Збережено: Набір шампурів 129_1.jpg
2026-05-17 15:52:30,380 [INFO] Товар 'Набір шампурів 129' завантажено! (Фотографій: 7)
2026-05-17 15:52:30,385 [INFO] Витрачено часу: 4.0 секунд
2026-05-17 15:52:34,931 [INFO] Відкриваємо сторінку: https://cs4067135.prom.ua/ua/p3048769164-nabir-127.html
2026-05-17 15:52:36,759 [INFO] Знайдено товар: Набір 127
2026-05-17 15:52:36,760 [INFO] Збираємо текстову інформацію...
2026-05-17 15:52:36,835 [INFO] Знайдено 6 фотографій. Запускаємо турбо-завантаження!
2026-05-17 15:52:39,295 [INFO] Збережено: Набір 127_3.jpg
2026-05-17 15:52:39,305 [INFO] Збережено: Набір 127_5.jpg
2026-05-17 15:52:39,308 [INFO] Збережено: Набір 127_1.jpg
2026-05-17 15:52:39,319 [INFO] Збережено: Набір 127_4.jpg
2026-05-17 15:52:39,326 [INFO] Збережено: Набір 127_6.jpg
2026-05-17 15:52:39,329 [INFO] Збережено: Набір 127_2.jpg
2026-05-17 15:52:39,329 [INFO] Товар 'Набір 127' завантажено! (Фотографій: 6)
2026-05-17 15:52:39,334 [INFO] Витрачено часу: 4.4 секунд
2026-05-17 15:52:45,256 [INFO] Відкриваємо сторінку: https://cs4067135.prom.ua/ua/p3048769169-nabir-shampuriv-146.html
2026-05-17 15:52:46,750 [INFO] Знайдено товар: Набір шампурів 146
2026-05-17 15:52:46,751 [INFO] Збираємо текстову інформацію...
2026-05-17 15:52:46,834 [INFO] Знайдено 8 фотографій. Запускаємо турбо-завантаження!
2026-05-17 15:52:49,367 [INFO] Збережено: Набір шампурів 146_2.jpg
2026-05-17 15:52:49,375 [INFO] Збережено: Набір шампурів 146_4.jpg
2026-05-17 15:52:49,380 [INFO] Збережено: Набір шампурів 146_1.jpg
2026-05-17 15:52:49,385 [INFO] Збережено: Набір шампурів 146_3.jpg
2026-05-17 15:52:49,391 [INFO] Збережено: Набір шампурів 146_5.jpg
2026-05-17 15:52:49,396 [INFO] Збережено: Набір шампурів 146_6.jpg
2026-05-17 15:52:49,412 [INFO] Збережено: Набір шампурів 146_8.jpg
2026-05-17 15:52:49,418 [INFO] Збережено: Набір шампурів 146_7.jpg
2026-05-17 15:52:49,418 [INFO] Товар 'Набір шампурів 146' завантажено! (Фотографій: 8)
2026-05-17 15:52:49,423 [INFO] Витрачено часу: 4.17 секунд
2026-05-17 15:52:51,325 [INFO] Відкриваємо сторінку: https://cs4067135.prom.ua/ua/p3048769212-nabir-shampuriv-107.html
2026-05-17 15:52:53,017 [INFO] Знайдено товар: Набір шампурів 107
2026-05-17 15:52:53,018 [INFO] Збираємо текстову інформацію...
2026-05-17 15:52:53,114 [INFO] Знайдено 8 фотографій. Запускаємо турбо-завантаження!
2026-05-17 15:52:55,626 [INFO] Збережено: Набір шампурів 107_4.jpg
2026-05-17 15:52:55,643 [INFO] Збережено: Набір шампурів 107_1.jpg
2026-05-17 15:52:55,643 [INFO] Збережено: Набір шампурів 107_2.jpg
2026-05-17 15:52:55,670 [INFO] Збережено: Набір шампурів 107_3.jpg
2026-05-17 15:52:55,671 [INFO] Збережено: Набір шампурів 107_6.jpg
2026-05-17 15:52:55,686 [INFO] Збережено: Набір шампурів 107_5.jpg
2026-05-17 15:52:55,692 [INFO] Збережено: Набір шампурів 107_8.jpg
2026-05-17 15:52:55,700 [INFO] Збережено: Набір шампурів 107_7.jpg
2026-05-17 15:52:55,701 [INFO] Товар 'Набір шампурів 107' завантажено! (Фотографій: 8)
2026-05-17 15:52:55,706 [INFO] Витрачено часу: 4.38 секунд
2026-05-17 15:52:57,767 [INFO] Відкриваємо сторінку: https://cs4067135.prom.ua/ua/p3048769170-nabir-shampuriv-157.html\
2026-05-17 15:52:59,338 [INFO] Знайдено товар: Набір шампурів 157
2026-05-17 15:52:59,339 [INFO] Збираємо текстову інформацію...
2026-05-17 15:52:59,420 [INFO] Знайдено 5 фотографій. Запускаємо турбо-завантаження!
2026-05-17 15:53:01,879 [INFO] Збережено: Набір шампурів 157_4.jpg
2026-05-17 15:53:01,880 [INFO] Збережено: Набір шампурів 157_3.jpg
2026-05-17 15:53:01,890 [INFO] Збережено: Набір шампурів 157_2.jpg
2026-05-17 15:53:01,896 [INFO] Збережено: Набір шампурів 157_1.jpg
2026-05-17 15:53:01,995 [INFO] Збережено: Набір шампурів 157_5.jpg
2026-05-17 15:53:01,995 [INFO] Товар 'Набір шампурів 157' завантажено! (Фотографій: 5)
2026-05-17 15:53:02,000 [INFO] Витрачено часу: 4.23 секунд
2026-05-17 15:53:07,573 [INFO] Відкриваємо сторінку: https://cs4067135.prom.ua/ua/p3048769215-nabor-shampurov-129.html
2026-05-17 15:53:08,986 [INFO] Знайдено товар: Набір шампурів 129
2026-05-17 15:53:08,986 [INFO] Збираємо текстову інформацію...
2026-05-17 15:53:09,097 [INFO] Знайдено 10 фотографій. Запускаємо турбо-завантаження!
2026-05-17 15:53:11,602 [INFO] Збережено: Набір шампурів 129_4.jpg
2026-05-17 15:53:11,633 [INFO] Збережено: Набір шампурів 129_6.jpg
2026-05-17 15:53:11,633 [INFO] Збережено: Набір шампурів 129_1.jpg
2026-05-17 15:53:11,638 [INFO] Збережено: Набір шампурів 129_5.jpg
2026-05-17 15:53:11,639 [INFO] Збережено: Набір шампурів 129_3.jpg
2026-05-17 15:53:11,651 [INFO] Збережено: Набір шампурів 129_2.jpg
2026-05-17 15:53:11,658 [INFO] Збережено: Набір шампурів 129_10.jpg
2026-05-17 15:53:11,664 [INFO] Збережено: Набір шампурів 129_9.jpg
2026-05-17 15:53:11,669 [INFO] Збережено: Набір шампурів 129_8.jpg
2026-05-17 15:53:11,670 [INFO] Збережено: Набір шампурів 129_7.jpg
2026-05-17 15:53:11,670 [INFO] Товар 'Набір шампурів 129' завантажено! (Фотографій: 10)
2026-05-17 15:53:11,675 [INFO] Витрачено часу: 4.1 секунд
2026-05-17 15:53:12,968 [INFO] Відкриваємо сторінку: https://cs4067135.prom.ua/ua/p3048769216-nabor-shampurov-146.html
2026-05-17 15:53:14,621 [INFO] Знайдено товар: Набір шампурів 146
2026-05-17 15:53:14,621 [INFO] Збираємо текстову інформацію...
2026-05-17 15:53:14,686 [INFO] Знайдено 4 фотографій. Запускаємо турбо-завантаження!
2026-05-17 15:53:17,142 [INFO] Збережено: Набір шампурів 146_1.jpg
2026-05-17 15:53:17,145 [INFO] Збережено: Набір шампурів 146_2.jpg
2026-05-17 15:53:17,146 [INFO] Збережено: Набір шампурів 146_3.jpg
2026-05-17 15:53:17,153 [INFO] Збережено: Набір шампурів 146_4.jpg
2026-05-17 15:53:17,154 [INFO] Товар 'Набір шампурів 146' завантажено! (Фотографій: 4)
2026-05-17 15:53:17,158 [INFO] Витрачено часу: 4.19 секунд
